============================================
2026-02-24 21:45:09 - 开始同步笔记库
[master c00245f] 同步笔记 - 2026-02-24 21:45:09
 2 files changed, 41 insertions(+)
 create mode 100644 sync_notes.log
 create mode 100755 sync_notes.sh
error: cannot pull with rebase: You have unstaged changes.
error: Please commit or stash them.
To github.com:28764116/notes-repo.git
   2d9298c..c00245f  master -> master
2026-02-24 21:45:14 - 同步完成
============================================

============================================
2026-02-24 21:45:19 - 开始同步笔记库
[master 21db2d9] 同步笔记 - 2026-02-24 21:45:19
 1 file changed, 13 insertions(+)
error: cannot pull with rebase: You have unstaged changes.
error: Please commit or stash them.
To github.com:28764116/notes-repo.git
   c00245f..21db2d9  master -> master
2026-02-24 21:45:24 - 同步完成
============================================

============================================
2026-02-24 21:45:29 - 开始同步笔记库
[master 0135d31] 同步笔记 - 2026-02-24 21:45:29
 1 file changed, 11 insertions(+)
error: cannot pull with rebase: You have unstaged changes.
error: Please commit or stash them.
To github.com:28764116/notes-repo.git
   21db2d9..0135d31  master -> master
2026-02-24 21:45:36 - 同步完成
============================================

============================================
2026-02-24 21:45:41 - 开始同步笔记库
